<?xml version="1.0" encoding="UTF-8"?>
<testsuite name="com.projectwm.api.ApiApplicationTests" tests="1" skipped="0" failures="0" errors="0" timestamp="2022-02-22T22:53:31" hostname="DESKTOP-36PA42O" time="0.611">
  <properties/>
  <testcase name="contextLoads()" classname="com.projectwm.api.ApiApplicationTests" time="0.611"/>
  <system-out><![CDATA[19:53:27.782 [Test worker] DEBUG org.springframework.test.context.BootstrapUtils - Instantiating CacheAwareContextLoaderDelegate from class [org.springframework.test.context.cache.DefaultCacheAwareContextLoaderDelegate]
19:53:27.813 [Test worker] DEBUG org.springframework.test.context.BootstrapUtils - Instantiating BootstrapContext using constructor [public org.springframework.test.context.support.DefaultBootstrapContext(java.lang.Class,org.springframework.test.context.CacheAwareContextLoaderDelegate)]
19:53:27.860 [Test worker] DEBUG org.springframework.test.context.BootstrapUtils - Instantiating TestContextBootstrapper for test class [com.projectwm.api.ApiApplicationTests] from class [org.springframework.boot.test.context.SpringBootTestContextBootstrapper]
19:53:27.876 [Test worker] INFO org.springframework.boot.test.context.SpringBootTestContextBootstrapper - Neither @ContextConfiguration nor @ContextHierarchy found for test class [com.projectwm.api.ApiApplicationTests], using SpringBootContextLoader
19:53:27.876 [Test worker] DEBUG org.springframework.test.context.support.AbstractContextLoader - Did not detect default resource location for test class [com.projectwm.api.ApiApplicationTests]: class path resource [com/projectwm/api/ApiApplicationTests-context.xml] does not exist
19:53:27.876 [Test worker] DEBUG org.springframework.test.context.support.AbstractContextLoader - Did not detect default resource location for test class [com.projectwm.api.ApiApplicationTests]: class path resource [com/projectwm/api/ApiApplicationTestsContext.groovy] does not exist
19:53:27.876 [Test worker] INFO org.springframework.test.context.support.AbstractContextLoader - Could not detect default resource locations for test class [com.projectwm.api.ApiApplicationTests]: no resource found for suffixes {-context.xml, Context.groovy}.
19:53:27.876 [Test worker] INFO org.springframework.test.context.support.AnnotationConfigContextLoaderUtils - Could not detect default configuration classes for test class [com.projectwm.api.ApiApplicationTests]: ApiApplicationTests does not declare any static, non-private, non-final, nested classes annotated with @Configuration.
19:53:27.938 [Test worker] DEBUG org.springframework.test.context.support.ActiveProfilesUtils - Could not find an 'annotation declaring class' for annotation type [org.springframework.test.context.ActiveProfiles] and class [com.projectwm.api.ApiApplicationTests]
19:53:28.016 [Test worker] DEBUG org.springframework.context.annotation.ClassPathScanningCandidateComponentProvider - Identified candidate component class: file [C:\Users\User\Documents\GitHub\Project\api\build\classes\kotlin\main\com\projectwm\api\ApiApplication.class]
19:53:28.016 [Test worker] INFO org.springframework.boot.test.context.SpringBootTestContextBootstrapper - Found @SpringBootConfiguration com.projectwm.api.ApiApplication for test class com.projectwm.api.ApiApplicationTests
19:53:28.172 [Test worker] DEBUG org.springframework.boot.test.context.SpringBootTestContextBootstrapper - @TestExecutionListeners is not present for class [com.projectwm.api.ApiApplicationTests]: using defaults.
19:53:28.172 [Test worker] INFO org.springframework.boot.test.context.SpringBootTestContextBootstrapper - Loaded default TestExecutionListener class names from location [META-INF/spring.factories]: [org.springframework.boot.test.autoconfigure.restdocs.RestDocsTestExecutionListener, org.springframework.boot.test.autoconfigure.web.client.MockRestServiceServerResetTestExecutionListener, org.springframework.boot.test.autoconfigure.web.servlet.MockMvcPrintOnlyOnFailureTestExecutionListener, org.springframework.boot.test.autoconfigure.web.servlet.WebDriverTestExecutionListener, org.springframework.boot.test.autoconfigure.webservices.client.MockWebServiceServerTestExecutionListener, org.springframework.boot.test.mock.mockito.MockitoTestExecutionListener, org.springframework.boot.test.mock.mockito.ResetMocksTestExecutionListener, org.springframework.test.context.web.ServletTestExecutionListener, org.springframework.test.context.support.DirtiesContextBeforeModesTestExecutionListener, org.springframework.test.context.event.ApplicationEventsTestExecutionListener, org.springframework.test.context.support.DependencyInjectionTestExecutionListener, org.springframework.test.context.support.DirtiesContextTestExecutionListener, org.springframework.test.context.transaction.TransactionalTestExecutionListener, org.springframework.test.context.jdbc.SqlScriptsTestExecutionListener, org.springframework.test.context.event.EventPublishingTestExecutionListener]
19:53:28.188 [Test worker] DEBUG org.springframework.boot.test.context.SpringBootTestContextBootstrapper - Skipping candidate TestExecutionListener [org.springframework.test.context.web.ServletTestExecutionListener] due to a missing dependency. Specify custom listener classes or make the default listener classes and their required dependencies available. Offending class: [javax/servlet/ServletContext]
19:53:28.204 [Test worker] INFO org.springframework.boot.test.context.SpringBootTestContextBootstrapper - Using TestExecutionListeners: [org.springframework.test.context.support.DirtiesContextBeforeModesTestExecutionListener@b52d3e, org.springframework.test.context.event.ApplicationEventsTestExecutionListener@1deb1dc, org.springframework.boot.test.mock.mockito.MockitoTestExecutionListener@9c413e, org.springframework.boot.test.autoconfigure.SpringBootDependencyInjectionTestExecutionListener@1a4d5ee, org.springframework.test.context.support.DirtiesContextTestExecutionListener@f5def9, org.springframework.test.context.transaction.TransactionalTestExecutionListener@45c42a, org.springframework.test.context.jdbc.SqlScriptsTestExecutionListener@dce7ed, org.springframework.test.context.event.EventPublishingTestExecutionListener@1a64f7d, org.springframework.boot.test.autoconfigure.restdocs.RestDocsTestExecutionListener@1d05366, org.springframework.boot.test.autoconfigure.web.client.MockRestServiceServerResetTestExecutionListener@1a0a5a2, org.springframework.boot.test.autoconfigure.web.servlet.MockMvcPrintOnlyOnFailureTestExecutionListener@92cd34, org.springframework.boot.test.autoconfigure.web.servlet.WebDriverTestExecutionListener@13aa93c, org.springframework.boot.test.autoconfigure.webservices.client.MockWebServiceServerTestExecutionListener@c0915e, org.springframework.boot.test.mock.mockito.ResetMocksTestExecutionListener@6faf11]
19:53:28.204 [Test worker] DEBUG org.springframework.test.context.support.AbstractDirtiesContextTestExecutionListener - Before test class: context [DefaultTestContext@fa700e testClass = ApiApplicationTests, testInstance = [null], testMethod = [null], testException = [null], mergedContextConfiguration = [ReactiveWebMergedContextConfiguration@1526ad9 testClass = ApiApplicationTests, locations = '{}', classes = '{class com.projectwm.api.ApiApplication}', contextInitializerClasses = '[]', activeProfiles = '{}', propertySourceLocations = '{}', propertySourceProperties = '{org.springframework.boot.test.context.SpringBootTestContextBootstrapper=true}', contextCustomizers = set[org.springframework.boot.test.autoconfigure.actuate.metrics.MetricsExportContextCustomizerFactory$DisableMetricExportContextCustomizer@1813449, org.springframework.boot.test.autoconfigure.properties.PropertyMappingContextCustomizer@0, org.springframework.boot.test.autoconfigure.web.servlet.WebDriverContextCustomizerFactory$Customizer@1fa8cc5, org.springframework.boot.test.context.filter.ExcludeFilterContextCustomizer@1220bcb, org.springframework.boot.test.json.DuplicateJsonObjectContextCustomizerFactory$DuplicateJsonObjectContextCustomizer@1ddefd8, org.springframework.boot.test.mock.mockito.MockitoContextCustomizer@0, org.springframework.boot.test.web.client.TestRestTemplateContextCustomizer@111a194, org.springframework.boot.test.web.reactive.server.WebTestClientContextCustomizer@7ea13, org.springframework.boot.test.context.SpringBootTestArgs@1, org.springframework.boot.test.context.SpringBootTestWebEnvironment@1266842], contextLoader = 'org.springframework.boot.test.context.SpringBootContextLoader', parent = [null]], attributes = map[[empty]]], class annotated with @DirtiesContext [false] with mode [null].
19:53:28.219 [Test worker] DEBUG org.springframework.test.context.support.DependencyInjectionTestExecutionListener - Performing dependency injection for test context [[DefaultTestContext@fa700e testClass = ApiApplicationTests, testInstance = com.projectwm.api.ApiApplicationTests@1b68ec6, testMethod = [null], testException = [null], mergedContextConfiguration = [ReactiveWebMergedContextConfiguration@1526ad9 testClass = ApiApplicationTests, locations = '{}', classes = '{class com.projectwm.api.ApiApplication}', contextInitializerClasses = '[]', activeProfiles = '{}', propertySourceLocations = '{}', propertySourceProperties = '{org.springframework.boot.test.context.SpringBootTestContextBootstrapper=true}', contextCustomizers = set[org.springframework.boot.test.autoconfigure.actuate.metrics.MetricsExportContextCustomizerFactory$DisableMetricExportContextCustomizer@1813449, org.springframework.boot.test.autoconfigure.properties.PropertyMappingContextCustomizer@0, org.springframework.boot.test.autoconfigure.web.servlet.WebDriverContextCustomizerFactory$Customizer@1fa8cc5, org.springframework.boot.test.context.filter.ExcludeFilterContextCustomizer@1220bcb, org.springframework.boot.test.json.DuplicateJsonObjectContextCustomizerFactory$DuplicateJsonObjectContextCustomizer@1ddefd8, org.springframework.boot.test.mock.mockito.MockitoContextCustomizer@0, org.springframework.boot.test.web.client.TestRestTemplateContextCustomizer@111a194, org.springframework.boot.test.web.reactive.server.WebTestClientContextCustomizer@7ea13, org.springframework.boot.test.context.SpringBootTestArgs@1, org.springframework.boot.test.context.SpringBootTestWebEnvironment@1266842], contextLoader = 'org.springframework.boot.test.context.SpringBootContextLoader', parent = [null]], attributes = map['org.springframework.test.context.event.ApplicationEventsTestExecutionListener.recordApplicationEvents' -> false]]].

  .   ____          _            __ _ _
 /\\ / ___'_ __ _ _(_)_ __  __ _ \ \ \ \
( ( )\___ | '_ | '_| | '_ \/ _` | \ \ \ \
 \\/  ___)| |_)| | | | | || (_| |  ) ) ) )
  '  |____| .__|_| |_|_| |_\__, | / / / /
 =========|_|==============|___/=/_/_/_/
 :: Spring Boot ::                (v2.6.3)

2022-02-22 19:53:28.598  INFO 1220 --- [    Test worker] com.projectwm.api.ApiApplicationTests    : Starting ApiApplicationTests using Java 11.0.13 on DESKTOP-36PA42O with PID 1220 (started by Juan Cisilino in C:\Users\User\Documents\GitHub\Project\api)
2022-02-22 19:53:28.613  INFO 1220 --- [    Test worker] com.projectwm.api.ApiApplicationTests    : No active profile set, falling back to default profiles: default
2022-02-22 19:53:29.494  INFO 1220 --- [    Test worker] .s.d.r.c.RepositoryConfigurationDelegate : Bootstrapping Spring Data R2DBC repositories in DEFAULT mode.
2022-02-22 19:53:29.525  INFO 1220 --- [    Test worker] .s.d.r.c.RepositoryConfigurationDelegate : Finished Spring Data repository scanning in 20 ms. Found 0 R2DBC repository interfaces.
2022-02-22 19:53:31.238  INFO 1220 --- [    Test worker] com.projectwm.api.ApiApplicationTests    : Started ApiApplicationTests in 2.959 seconds (JVM running for 4.742)
]]></system-out>
  <system-err><![CDATA[]]></system-err>
</testsuite>
